Determining if the pthread_create exist failed with the following output:
Change Dir: /root/DB/vaultdb_operators/CMakeFiles/CMakeTmp

Run Build Command:"/usr/bin/gmake" "cmTC_55d2b/fast"
/usr/bin/gmake -f CMakeFiles/cmTC_55d2b.dir/build.make CMakeFiles/cmTC_55d2b.dir/build
gmake[1]: Entering directory '/root/DB/vaultdb_operators/CMakeFiles/CMakeTmp'
Building C object CMakeFiles/cmTC_55d2b.dir/CheckSymbolExists.c.o
/usr/bin/cc    -o CMakeFiles/cmTC_55d2b.dir/CheckSymbolExists.c.o   -c /root/DB/vaultdb_operators/CMakeFiles/CMakeTmp/CheckSymbolExists.c
Linking C executable cmTC_55d2b
/usr/bin/cmake -E cmake_link_script CMakeFiles/cmTC_55d2b.dir/link.txt --verbose=1
/usr/bin/cc      -rdynamic CMakeFiles/cmTC_55d2b.dir/CheckSymbolExists.c.o  -o cmTC_55d2b 
CMakeFiles/cmTC_55d2b.dir/CheckSymbolExists.c.o: In function `main':
CheckSymbolExists.c:(.text+0x16): undefined reference to `pthread_create'
collect2: error: ld returned 1 exit status
gmake[1]: *** [CMakeFiles/cmTC_55d2b.dir/build.make:87: cmTC_55d2b] Error 1
gmake[1]: Leaving directory '/root/DB/vaultdb_operators/CMakeFiles/CMakeTmp'
gmake: *** [Makefile:126: cmTC_55d2b/fast] Error 2

File /root/DB/vaultdb_operators/CMakeFiles/CMakeTmp/CheckSymbolExists.c:
/* */
#include <pthread.h>

int main(int argc, char** argv)
{
  (void)argv;
#ifndef pthread_create
  return ((int*)(&pthread_create))[argc];
#else
  (void)argc;
  return 0;
#endif
}

