		g3log created log at: Thu Oct 11 13:39:28 2018
		LOG format: [YYYY/MM/DD hh:mm:ss uuu* LEVEL FILE->FUNCTION:LINE] messagen
		(uuu*: microseconds fractions of the seconds value)

2018/10/11 13:39:28 182820	INFO [DataOwnerPrivate.cpp->Register:30]	LOGGER NOT INITIALIZED:
		Registered, host num:1
2018/10/11 13:39:30 181469	INFO [DataOwnerImpl.cpp->DBMSQuery:109]	Adding Table from Query:SELECT * from rpc_test_small_5;
2018/10/11 13:39:30 181564	INFO [DataOwnerPrivate.cpp->AddTable:42]	Added Table [0]
2018/10/11 13:39:30 187746	INFO [DataOwnerImpl.cpp->SendTable:97]	Adding table received from ??
2018/10/11 13:39:30 187824	INFO [DataOwnerPrivate.cpp->AddTable:42]	Added Table [1]
2018/10/11 13:39:30 193912	INFO [DataOwnerClient.cpp->SendTable:177]	SUCCESS:->[0], num_tuples:[11], num_pages: [1]
2018/10/11 13:39:30 194193	INFO [DataOwnerPrivate.cpp->SendTable:49]	sent table to: [0],received at:[2]
2018/10/11 13:39:30 194446	INFO [Repartition.cpp->repart_step_one:44]	Adding self partitioned table from repartition
2018/10/11 13:39:30 194497	INFO [DataOwnerPrivate.cpp->AddTable:42]	Added Table [2]
2018/10/11 13:39:30 199088	INFO [DataOwnerImpl.cpp->SendTable:97]	Adding table received from ??
2018/10/11 13:39:30 199131	INFO [DataOwnerPrivate.cpp->AddTable:42]	Added Table [3]
2018/10/11 13:39:30 202650	INFO [Repartition.cpp->repartition_step_two:116]	Sending to host [0]
2018/10/11 13:39:30 204504	INFO [DataOwnerClient.cpp->SendTable:177]	SUCCESS:->[0], num_tuples:[4], num_pages: [1]
2018/10/11 13:39:30 204703	INFO [DataOwnerPrivate.cpp->SendTable:49]	sent table to: [0],received at:[4]
2018/10/11 13:39:30 204789	INFO [Repartition.cpp->repartition_step_two:116]	Sending to host [1]
2018/10/11 13:39:30 204840	INFO [DataOwnerPrivate.cpp->AddTable:42]	Added Table [4]
2018/10/11 13:39:30 207214	INFO [DataOwnerImpl.cpp->CoalesceTables:127]	Coalescing3
2018/10/11 13:39:30 207262	INFO [DataOwnerImpl.cpp->CoalesceTables:127]	Coalescing4
2018/10/11 13:39:30 207522	INFO [DataOwnerPrivate.cpp->AddTable:42]	Added Table [5]
2018/10/11 13:39:30 207566	INFO [DataOwnerImpl.cpp->CoalesceTables:134]	After coalescing: 32
